2025-04-26 18:02:36: Chạy thủ công: node xsmbScraper.js 29/02/2025 xsmb
2025-04-26 18:02:36: Chạy thủ công: node xsmbScraper.js 29/02/2025 xsmb
2025-04-26 18:02:36: Khởi động scheduler cào dữ liệu với lịch: 14 18 * * *, thời gian chạy: 20 phút
2025-04-26 18:02:36: Connected to MongoDB
2025-04-26 18:02:36: Chạy thủ công: node xsmbScraper.js 29/02/2025 xsmb
2025-04-26 18:02:36: Đã kết nối MongoDB
2025-04-26 18:02:36: Khởi động scheduler cào dữ liệu với lịch: 14 18 * * *, thời gian chạy: 20 phút
2025-04-26 18:02:36: Connected to MongoDB
2025-04-26 18:02:36: Khởi động scheduler cào dữ liệu với lịch: 14 18 * * *, thời gian chạy: 20 phút
2025-04-26 18:02:36: Connected to MongoDB
2025-04-26 18:02:36: Đã kết nối MongoDB
2025-04-26 18:02:36: Đã kết nối MongoDB
2025-04-26 18:02:36: Chạy thủ công: node xsmbScraper.js 29/02/2025 xsmb
2025-04-26 18:02:36: Khởi động scheduler cào dữ liệu với lịch: 14 18 * * *, thời gian chạy: 20 phút
2025-04-26 18:02:37: Connected to MongoDB
2025-04-26 18:02:37: Đã kết nối MongoDB
2025-04-26 18:02:37: Chạy thủ công: node xsmbScraper.js 29/02/2025 xsmb
2025-04-26 18:02:37: Chạy thủ công: node xsmbScraper.js 29/02/2025 xsmb
2025-04-26 18:02:37: Khởi động scheduler cào dữ liệu với lịch: 14 18 * * *, thời gian chạy: 20 phút
2025-04-26 18:02:37: Connected to MongoDB
2025-04-26 18:02:37: Đã kết nối MongoDB
2025-04-26 18:02:37: Khởi động scheduler cào dữ liệu với lịch: 14 18 * * *, thời gian chạy: 20 phút
2025-04-26 18:02:37: Connected to MongoDB
2025-04-26 18:02:37: Chạy thủ công: node xsmbScraper.js 29/02/2025 xsmb
2025-04-26 18:02:37: Đã kết nối MongoDB
2025-04-26 18:02:37: Chạy thủ công: node xsmbScraper.js 29/02/2025 xsmb
2025-04-26 18:02:37: Khởi động scheduler cào dữ liệu với lịch: 14 18 * * *, thời gian chạy: 20 phút
2025-04-26 18:02:37: Connected to MongoDB
2025-04-26 18:02:37: Chạy thủ công: node xsmbScraper.js 29/02/2025 xsmb
2025-04-26 18:02:37: Đã kết nối MongoDB
2025-04-26 18:02:37: Khởi động scheduler cào dữ liệu với lịch: 14 18 * * *, thời gian chạy: 20 phút
2025-04-26 18:02:37: Connected to MongoDB
2025-04-26 18:02:37: Đã kết nối MongoDB
2025-04-26 18:02:37: Khởi động scheduler cào dữ liệu với lịch: 14 18 * * *, thời gian chạy: 20 phút
2025-04-26 18:02:37: Connected to MongoDB
2025-04-26 18:02:37: Chạy thủ công: node xsmbScraper.js 29/02/2025 xsmb
2025-04-26 18:02:37: Đã kết nối MongoDB
2025-04-26 18:02:37: Chạy thủ công: node xsmbScraper.js 29/02/2025 xsmb
2025-04-26 18:02:37: Khởi động scheduler cào dữ liệu với lịch: 14 18 * * *, thời gian chạy: 20 phút
2025-04-26 18:02:37: Connected to MongoDB
2025-04-26 18:02:37: Đã kết nối MongoDB
2025-04-26 18:02:37: Khởi động scheduler cào dữ liệu với lịch: 14 18 * * *, thời gian chạy: 20 phút
2025-04-26 18:02:37: Connected to MongoDB
2025-04-26 18:02:37: Đã kết nối MongoDB
2025-04-26 18:02:37: Chạy thủ công: node xsmbScraper.js 29/02/2025 xsmb
2025-04-26 18:02:37: Khởi động scheduler cào dữ liệu với lịch: 14 18 * * *, thời gian chạy: 20 phút
2025-04-26 18:02:37: Connected to MongoDB
2025-04-26 18:02:37: Đã kết nối MongoDB
2025-04-26 18:13:38: Chạy thủ công: node xsmbScraper.js 29/02/2025 xsmb
2025-04-26 18:13:38: Chạy thủ công: node xsmbScraper.js 29/02/2025 xsmb
2025-04-26 18:13:38: Chạy thủ công: node xsmbScraper.js 29/02/2025 xsmb
2025-04-26 18:13:38: Khởi động scheduler cào dữ liệu với lịch: 14 18 * * *, thời gian chạy: 20 phút
2025-04-26 18:13:38: Connected to MongoDB
2025-04-26 18:13:38: Khởi động scheduler cào dữ liệu với lịch: 14 18 * * *, thời gian chạy: 20 phút
2025-04-26 18:13:38: Connected to MongoDB
2025-04-26 18:13:38: Khởi động scheduler cào dữ liệu với lịch: 14 18 * * *, thời gian chạy: 20 phút
2025-04-26 18:13:38: Connected to MongoDB
2025-04-26 18:13:38: Đã kết nối MongoDB
2025-04-26 18:13:38: Đã kết nối MongoDB
2025-04-26 18:13:38: Đã kết nối MongoDB
2025-04-26 18:13:38: Chạy thủ công: node xsmbScraper.js 29/02/2025 xsmb
2025-04-26 18:13:38: Chạy thủ công: node xsmbScraper.js 29/02/2025 xsmb
2025-04-26 18:13:38: Chạy thủ công: node xsmbScraper.js 29/02/2025 xsmb
2025-04-26 18:13:38: Chạy thủ công: node xsmbScraper.js 29/02/2025 xsmb
2025-04-26 18:13:38: Khởi động scheduler cào dữ liệu với lịch: 14 18 * * *, thời gian chạy: 20 phút
2025-04-26 18:13:38: Connected to MongoDB
2025-04-26 18:13:38: Khởi động scheduler cào dữ liệu với lịch: 14 18 * * *, thời gian chạy: 20 phút
2025-04-26 18:13:38: Connected to MongoDB
2025-04-26 18:13:38: Chạy thủ công: node xsmbScraper.js 29/02/2025 xsmb
2025-04-26 18:13:38: Đã kết nối MongoDB
2025-04-26 18:13:38: Khởi động scheduler cào dữ liệu với lịch: 14 18 * * *, thời gian chạy: 20 phút
2025-04-26 18:13:38: Connected to MongoDB
2025-04-26 18:13:38: Đã kết nối MongoDB
2025-04-26 18:13:38: Khởi động scheduler cào dữ liệu với lịch: 14 18 * * *, thời gian chạy: 20 phút
2025-04-26 18:13:38: Connected to MongoDB
2025-04-26 18:13:38: Chạy thủ công: node xsmbScraper.js 29/02/2025 xsmb
2025-04-26 18:13:38: Đã kết nối MongoDB
2025-04-26 18:13:38: Đã kết nối MongoDB
2025-04-26 18:13:38: Khởi động scheduler cào dữ liệu với lịch: 14 18 * * *, thời gian chạy: 20 phút
2025-04-26 18:13:38: Connected to MongoDB
2025-04-26 18:13:38: Chạy thủ công: node xsmbScraper.js 29/02/2025 xsmb
2025-04-26 18:13:38: Chạy thủ công: node xsmbScraper.js 29/02/2025 xsmb
2025-04-26 18:13:38: Đã kết nối MongoDB
2025-04-26 18:13:38: Khởi động scheduler cào dữ liệu với lịch: 14 18 * * *, thời gian chạy: 20 phút
2025-04-26 18:13:38: Connected to MongoDB
2025-04-26 18:13:38: Khởi động scheduler cào dữ liệu với lịch: 14 18 * * *, thời gian chạy: 20 phút
2025-04-26 18:13:38: Connected to MongoDB
2025-04-26 18:13:38: Khởi động scheduler cào dữ liệu với lịch: 14 18 * * *, thời gian chạy: 20 phút
2025-04-26 18:13:38: Connected to MongoDB
2025-04-26 18:13:38: Đã kết nối MongoDB
2025-04-26 18:13:38: Chạy thủ công: node xsmbScraper.js 29/02/2025 xsmb
2025-04-26 18:13:38: Đã kết nối MongoDB
2025-04-26 18:13:38: Đã kết nối MongoDB
2025-04-26 18:13:38: Khởi động scheduler cào dữ liệu với lịch: 14 18 * * *, thời gian chạy: 20 phút
2025-04-26 18:13:38: Connected to MongoDB
2025-04-26 18:13:38: Đã kết nối MongoDB
2025-04-26 18:14:00: Bắt đầu cào dữ liệu XSMB lúc 18:15...
2025-04-26 18:14:00: Bắt đầu cào dữ liệu XSMB lúc 18:15...
2025-04-26 18:14:00: Bắt đầu cào dữ liệu XSMB lúc 18:15...
2025-04-26 18:14:00: Bắt đầu cào dữ liệu XSMB lúc 18:15...
2025-04-26 18:14:00: Bắt đầu cào dữ liệu XSMB lúc 18:15...
2025-04-26 18:14:00: Bắt đầu cào dữ liệu XSMB lúc 18:15...
2025-04-26 18:14:00: Bắt đầu cào dữ liệu XSMB lúc 18:15...
2025-04-26 18:14:00: Bắt đầu cào dữ liệu XSMB lúc 18:15...
2025-04-26 18:14:00: Bắt đầu cào dữ liệu XSMB lúc 18:15...
2025-04-26 18:14:00: Bắt đầu cào dữ liệu XSMB lúc 18:15...
2025-04-26 18:14:00: Bắt đầu cào dữ liệu XSMB lúc 18:15...
2025-04-26 18:14:00: Bắt đầu cào dữ liệu XSMB lúc 18:15...
2025-04-26 18:14:00: Đang cào dữ liệu từ: https://xosovn.com/xsmb-26-04-2025
2025-04-26 18:14:11: Chuẩn bị gửi Redis: firstPrize [ '44385' ] Kênh: xsmb:26-04-2025
2025-04-26 18:14:21: Chuẩn bị gửi Redis: firstPrize [ '44385' ] Kênh: xsmb:26-04-2025
2025-04-26 18:14:31: Chuẩn bị gửi Redis: firstPrize [ '44385' ] Kênh: xsmb:26-04-2025
2025-04-26 18:14:41: Chuẩn bị gửi Redis: firstPrize [ '44385' ] Kênh: xsmb:26-04-2025
2025-04-26 18:14:51: Chuẩn bị gửi Redis: firstPrize [ '44385' ] Kênh: xsmb:26-04-2025
2025-04-26 18:15:01: Chuẩn bị gửi Redis: firstPrize [ '44385' ] Kênh: xsmb:26-04-2025
2025-04-26 18:15:11: Chuẩn bị gửi Redis: firstPrize [ '44385' ] Kênh: xsmb:26-04-2025
2025-04-26 18:15:21: Chuẩn bị gửi Redis: firstPrize [ '44385' ] Kênh: xsmb:26-04-2025
2025-04-26 18:15:31: Chuẩn bị gửi Redis: firstPrize [ '44385' ] Kênh: xsmb:26-04-2025
2025-04-26 18:15:41: Chuẩn bị gửi Redis: firstPrize [ '55496' ] Kênh: xsmb:26-04-2025
2025-04-26 18:15:51: Chuẩn bị gửi Redis: firstPrize [ '55496' ] Kênh: xsmb:26-04-2025
2025-04-26 18:16:01: Chuẩn bị gửi Redis: firstPrize [ '05420' ] Kênh: xsmb:26-04-2025
2025-04-26 18:16:11: Chuẩn bị gửi Redis: firstPrize [ '05420' ] Kênh: xsmb:26-04-2025
2025-04-26 18:16:21: Chuẩn bị gửi Redis: firstPrize [ '05420' ] Kênh: xsmb:26-04-2025
2025-04-26 18:16:31: Chuẩn bị gửi Redis: firstPrize [ '05420' ] Kênh: xsmb:26-04-2025
2025-04-26 18:16:41: Chuẩn bị gửi Redis: firstPrize [ '05420' ] Kênh: xsmb:26-04-2025
2025-04-26 18:16:51: Chuẩn bị gửi Redis: firstPrize [ '05420' ] Kênh: xsmb:26-04-2025
2025-04-26 18:17:01: Chuẩn bị gửi Redis: firstPrize [ '05420' ] Kênh: xsmb:26-04-2025
2025-04-26 18:17:11: Chuẩn bị gửi Redis: firstPrize [ '05420' ] Kênh: xsmb:26-04-2025
2025-04-26 18:17:21: Chuẩn bị gửi Redis: firstPrize [ '05420' ] Kênh: xsmb:26-04-2025
2025-04-26 18:17:31: Chuẩn bị gửi Redis: firstPrize [ '05420' ] Kênh: xsmb:26-04-2025
2025-04-26 18:17:41: Chuẩn bị gửi Redis: firstPrize [ '05420' ] Kênh: xsmb:26-04-2025
2025-04-26 18:17:51: Chuẩn bị gửi Redis: firstPrize [ '05420' ] Kênh: xsmb:26-04-2025
2025-04-26 18:18:01: Chuẩn bị gửi Redis: firstPrize [ '05420' ] Kênh: xsmb:26-04-2025
2025-04-26 18:18:11: Chuẩn bị gửi Redis: firstPrize [ '05420' ] Kênh: xsmb:26-04-2025
2025-04-26 18:18:21: Chuẩn bị gửi Redis: firstPrize [ '05420' ] Kênh: xsmb:26-04-2025
2025-04-26 18:18:31: Chuẩn bị gửi Redis: firstPrize [ '05420' ] Kênh: xsmb:26-04-2025
2025-04-26 18:18:41: Chuẩn bị gửi Redis: firstPrize [ '05420' ] Kênh: xsmb:26-04-2025
2025-04-26 18:18:51: Chuẩn bị gửi Redis: firstPrize [ '05420' ] Kênh: xsmb:26-04-2025
2025-04-26 18:19:01: Chuẩn bị gửi Redis: firstPrize [ '05420' ] Kênh: xsmb:26-04-2025
2025-04-26 18:19:11: Chuẩn bị gửi Redis: firstPrize [ '05420' ] Kênh: xsmb:26-04-2025
2025-04-26 18:19:21: Chuẩn bị gửi Redis: firstPrize [ '05420' ] Kênh: xsmb:26-04-2025
2025-04-26 18:19:31: Chuẩn bị gửi Redis: firstPrize [ '05420' ] Kênh: xsmb:26-04-2025
2025-04-26 18:19:41: Chuẩn bị gửi Redis: firstPrize [ '05420' ] Kênh: xsmb:26-04-2025
2025-04-26 18:19:51: Chuẩn bị gửi Redis: firstPrize [ '05420' ] Kênh: xsmb:26-04-2025
2025-04-26 18:20:01: Chuẩn bị gửi Redis: firstPrize [ '05420' ] Kênh: xsmb:26-04-2025
2025-04-26 18:20:11: Chuẩn bị gửi Redis: firstPrize [ '05420' ] Kênh: xsmb:26-04-2025
2025-04-26 18:20:21: Chuẩn bị gửi Redis: firstPrize [ '05420' ] Kênh: xsmb:26-04-2025
2025-04-26 18:20:31: Chuẩn bị gửi Redis: firstPrize [ '05420' ] Kênh: xsmb:26-04-2025
2025-04-26 18:20:41: Chuẩn bị gửi Redis: firstPrize [ '05420' ] Kênh: xsmb:26-04-2025
2025-04-26 18:20:51: Chuẩn bị gửi Redis: firstPrize [ '05420' ] Kênh: xsmb:26-04-2025
2025-04-26 18:21:01: Chuẩn bị gửi Redis: firstPrize [ '05420' ] Kênh: xsmb:26-04-2025
2025-04-26 18:21:11: Chuẩn bị gửi Redis: firstPrize [ '05420' ] Kênh: xsmb:26-04-2025
2025-04-26 18:21:21: Chuẩn bị gửi Redis: firstPrize [ '05420' ] Kênh: xsmb:26-04-2025
2025-04-26 18:21:31: Chuẩn bị gửi Redis: firstPrize [ '05420' ] Kênh: xsmb:26-04-2025
2025-04-26 18:21:41: Chuẩn bị gửi Redis: firstPrize [ '05420' ] Kênh: xsmb:26-04-2025
2025-04-26 18:21:51: Chuẩn bị gửi Redis: firstPrize [ '05420' ] Kênh: xsmb:26-04-2025
2025-04-26 18:22:01: Chuẩn bị gửi Redis: firstPrize [ '05420' ] Kênh: xsmb:26-04-2025
2025-04-26 18:22:11: Chuẩn bị gửi Redis: firstPrize [ '05420' ] Kênh: xsmb:26-04-2025
2025-04-26 18:22:21: Chuẩn bị gửi Redis: firstPrize [ '05420' ] Kênh: xsmb:26-04-2025
2025-04-26 18:22:31: Chuẩn bị gửi Redis: firstPrize [ '05420' ] Kênh: xsmb:26-04-2025
2025-04-26 18:22:41: Chuẩn bị gửi Redis: firstPrize [ '05420' ] Kênh: xsmb:26-04-2025
2025-04-26 18:22:51: Chuẩn bị gửi Redis: firstPrize [ '05420' ] Kênh: xsmb:26-04-2025
2025-04-26 18:23:01: Chuẩn bị gửi Redis: firstPrize [ '05420' ] Kênh: xsmb:26-04-2025
2025-04-26 18:23:11: Chuẩn bị gửi Redis: firstPrize [ '05420' ] Kênh: xsmb:26-04-2025
2025-04-26 18:23:21: Chuẩn bị gửi Redis: firstPrize [ '05420' ] Kênh: xsmb:26-04-2025
2025-04-26 18:23:31: Chuẩn bị gửi Redis: firstPrize [ '05420' ] Kênh: xsmb:26-04-2025
2025-04-26 18:23:41: Chuẩn bị gửi Redis: firstPrize [ '05420' ] Kênh: xsmb:26-04-2025
2025-04-26 18:23:51: Chuẩn bị gửi Redis: firstPrize [ '05420' ] Kênh: xsmb:26-04-2025
2025-04-26 18:24:01: Chuẩn bị gửi Redis: firstPrize [ '05420' ] Kênh: xsmb:26-04-2025
2025-04-26 18:24:11: Chuẩn bị gửi Redis: firstPrize [ '05420' ] Kênh: xsmb:26-04-2025
2025-04-26 18:24:21: Chuẩn bị gửi Redis: firstPrize [ '05420' ] Kênh: xsmb:26-04-2025
2025-04-26 18:24:31: Chuẩn bị gửi Redis: firstPrize [ '05420' ] Kênh: xsmb:26-04-2025
2025-04-26 18:24:41: Chuẩn bị gửi Redis: firstPrize [ '05420' ] Kênh: xsmb:26-04-2025
2025-04-26 18:24:51: Chuẩn bị gửi Redis: firstPrize [ '05420' ] Kênh: xsmb:26-04-2025
2025-04-26 18:25:01: Chuẩn bị gửi Redis: firstPrize [ '05420' ] Kênh: xsmb:26-04-2025
2025-04-26 18:25:11: Chuẩn bị gửi Redis: firstPrize [ '05420' ] Kênh: xsmb:26-04-2025
2025-04-26 18:25:22: Chuẩn bị gửi Redis: firstPrize [ '05420' ] Kênh: xsmb:26-04-2025
2025-04-26 18:25:29: Chạy thủ công: node xsmbScraper.js 29/02/2025 xsmb
2025-04-26 18:25:29: Chạy thủ công: node xsmbScraper.js 29/02/2025 xsmb
2025-04-26 18:25:29: Khởi động scheduler cào dữ liệu với lịch: 14 18 * * *, thời gian chạy: 20 phút
2025-04-26 18:25:29: Connected to MongoDB
2025-04-26 18:25:29: Khởi động scheduler cào dữ liệu với lịch: 14 18 * * *, thời gian chạy: 20 phút
2025-04-26 18:25:29: Connected to MongoDB
2025-04-26 18:25:29: Đã kết nối MongoDB
2025-04-26 18:25:29: Đã kết nối MongoDB
2025-04-26 18:25:32: Chuẩn bị gửi Redis: firstPrize [ '05420' ] Kênh: xsmb:26-04-2025
2025-04-26 18:25:32: Chạy thủ công: node xsmbScraper.js 29/02/2025 xsmb
2025-04-26 18:25:32: Chạy thủ công: node xsmbScraper.js 29/02/2025 xsmb
2025-04-26 18:25:32: Khởi động scheduler cào dữ liệu với lịch: 14 18 * * *, thời gian chạy: 20 phút
2025-04-26 18:25:32: Connected to MongoDB
2025-04-26 18:25:32: Khởi động scheduler cào dữ liệu với lịch: 14 18 * * *, thời gian chạy: 20 phút
2025-04-26 18:25:32: Connected to MongoDB
2025-04-26 18:25:32: Đã kết nối MongoDB
2025-04-26 18:25:32: Đã kết nối MongoDB
2025-04-26 18:25:35: Chạy thủ công: node xsmbScraper.js 29/02/2025 xsmb
2025-04-26 18:25:35: Chạy thủ công: node xsmbScraper.js 29/02/2025 xsmb
2025-04-26 18:25:35: Khởi động scheduler cào dữ liệu với lịch: 14 18 * * *, thời gian chạy: 20 phút
2025-04-26 18:25:35: Connected to MongoDB
2025-04-26 18:25:35: Khởi động scheduler cào dữ liệu với lịch: 14 18 * * *, thời gian chạy: 20 phút
2025-04-26 18:25:35: Connected to MongoDB
2025-04-26 18:25:35: Đã kết nối MongoDB
2025-04-26 18:25:35: Đã kết nối MongoDB
2025-04-26 18:25:39: Chạy thủ công: node xsmbScraper.js 29/02/2025 xsmb
2025-04-26 18:25:39: Chạy thủ công: node xsmbScraper.js 29/02/2025 xsmb
2025-04-26 18:25:39: Khởi động scheduler cào dữ liệu với lịch: 14 18 * * *, thời gian chạy: 20 phút
2025-04-26 18:25:39: Connected to MongoDB
2025-04-26 18:25:39: Khởi động scheduler cào dữ liệu với lịch: 14 18 * * *, thời gian chạy: 20 phút
2025-04-26 18:25:39: Connected to MongoDB
2025-04-26 18:25:39: Đã kết nối MongoDB
2025-04-26 18:25:39: Đã kết nối MongoDB
2025-04-26 18:30:00: Tính toán trước thống kê lô gan...
2025-04-26 18:30:00: Tính toán trước thống kê lô gan...
2025-04-26 18:30:00: Tính toán trước thống kê lô gan...
2025-04-26 18:30:00: Tính toán trước thống kê lô gan...
2025-04-26 18:30:00: Tính toán trước thống kê lô gan...
2025-04-26 18:30:00: Tính toán trước thống kê lô gan...
2025-04-26 18:30:00: Tính toán trước thống kê lô gan...
2025-04-26 18:30:00: Tính toán trước thống kê lô gan...
2025-04-26 18:30:00: Tính toán trước thống kê lô gan...
2025-04-26 18:30:00: Tính toán trước thống kê lô gan...
2025-04-26 18:30:00: Tính toán trước thống kê lô gan...
2025-04-26 18:30:00: Tính toán trước thống kê lô gan...
2025-04-26 18:34:00: Dừng cào dữ liệu XSMB lúc 18:35.
2025-04-26 18:34:00: Dừng cào dữ liệu XSMB lúc 18:35.
2025-04-26 18:34:00: Dừng cào dữ liệu XSMB lúc 18:35.
2025-04-26 18:34:00: Dừng cào dữ liệu XSMB lúc 18:35.
2025-04-26 19:04:02: Chạy thủ công: node xsmbScraper.js 29/02/2025 xsmb
2025-04-26 19:04:02: Chạy thủ công: node xsmbScraper.js 29/02/2025 xsmb
2025-04-26 19:04:02: Khởi động scheduler cào dữ liệu với lịch: 14 18 * * *, thời gian chạy: 20 phút
2025-04-26 19:04:02: Connected to MongoDB
2025-04-26 19:04:02: Khởi động scheduler cào dữ liệu với lịch: 14 18 * * *, thời gian chạy: 20 phút
2025-04-26 19:04:02: Connected to MongoDB
2025-04-26 19:04:03: Đã kết nối MongoDB
2025-04-26 19:04:03: Đã kết nối MongoDB
2025-04-26 19:04:06: Chạy thủ công: node xsmbScraper.js 29/02/2025 xsmb
2025-04-26 19:04:06: Chạy thủ công: node xsmbScraper.js 29/02/2025 xsmb
2025-04-26 19:04:06: Khởi động scheduler cào dữ liệu với lịch: 14 18 * * *, thời gian chạy: 20 phút
2025-04-26 19:04:06: Connected to MongoDB
2025-04-26 19:04:06: Khởi động scheduler cào dữ liệu với lịch: 14 18 * * *, thời gian chạy: 20 phút
2025-04-26 19:04:06: Connected to MongoDB
2025-04-26 19:04:06: Đã kết nối MongoDB
2025-04-26 19:04:06: Đã kết nối MongoDB
2025-04-26 19:04:09: Chạy thủ công: node xsmbScraper.js 29/02/2025 xsmb
2025-04-26 19:04:09: Chạy thủ công: node xsmbScraper.js 29/02/2025 xsmb
2025-04-26 19:04:09: Khởi động scheduler cào dữ liệu với lịch: 14 18 * * *, thời gian chạy: 20 phút
2025-04-26 19:04:09: Connected to MongoDB
2025-04-26 19:04:09: Khởi động scheduler cào dữ liệu với lịch: 14 18 * * *, thời gian chạy: 20 phút
2025-04-26 19:04:09: Connected to MongoDB
2025-04-26 19:04:09: Đã kết nối MongoDB
2025-04-26 19:04:09: Đã kết nối MongoDB
2025-04-26 20:24:17: Chạy thủ công: node xsmbScraper.js 29/02/2025 xsmb
2025-04-26 20:24:17: Chạy thủ công: node xsmbScraper.js 29/02/2025 xsmb
2025-04-26 20:24:17: Khởi động scheduler cào dữ liệu với lịch: 10 18 * * *, thời gian chạy: 20 phút
2025-04-26 20:24:17: Connected to MongoDB
2025-04-26 20:24:17: Server running on port 5000 
2025-04-26 20:24:17: Chạy thủ công: node xsmbScraper.js 29/02/2025 xsmb
2025-04-26 20:24:17: Chạy thủ công: node xsmbScraper.js 29/02/2025 xsmb
2025-04-26 20:24:17: Chạy thủ công: node xsmbScraper.js 29/02/2025 xsmb
2025-04-26 20:24:17: Đã kết nối MongoDB
2025-04-26 20:24:17: Chạy thủ công: node xsmbScraper.js 29/02/2025 xsmb
2025-04-26 20:24:17: Khởi động scheduler cào dữ liệu với lịch: 10 18 * * *, thời gian chạy: 20 phút
2025-04-26 20:24:17: Connected to MongoDB
2025-04-26 20:24:17: Server running on port 5000 
2025-04-26 20:24:17: Khởi động scheduler cào dữ liệu với lịch: 10 18 * * *, thời gian chạy: 20 phút
2025-04-26 20:24:17: Connected to MongoDB
2025-04-26 20:24:17: Server running on port 5000 
2025-04-26 20:24:17: Khởi động scheduler cào dữ liệu với lịch: 10 18 * * *, thời gian chạy: 20 phút
2025-04-26 20:24:17: Connected to MongoDB
2025-04-26 20:24:17: Server running on port 5000 
2025-04-26 20:24:17: Khởi động scheduler cào dữ liệu với lịch: 10 18 * * *, thời gian chạy: 20 phút
2025-04-26 20:24:17: Connected to MongoDB
2025-04-26 20:24:17: Server running on port 5000 
2025-04-26 20:24:17: Khởi động scheduler cào dữ liệu với lịch: 10 18 * * *, thời gian chạy: 20 phút
2025-04-26 20:24:17: Connected to MongoDB
2025-04-26 20:24:17: Đã kết nối MongoDB
2025-04-26 20:24:17: Server running on port 5000 
2025-04-26 20:24:17: Đã kết nối MongoDB
2025-04-26 20:24:17: Đã kết nối MongoDB
2025-04-26 20:24:17: Đã kết nối MongoDB
2025-04-26 20:24:17: Đã kết nối MongoDB
2025-04-26 20:28:47: SSE target date: 26-04-2025 Simulate: false
2025-04-26 20:31:37: [0mGET /api/kqxs/xsmb/sse?station=xsmb [32m200[0m 6.169 ms - -[0m
